Verenluovutus oli todella palkitseva kokemus!
Tuntuu uskomattomalta tietää, että saatoin pelastaa jonkun hengen tänään.
Verenluovutus tekee minusta kuin supersankarin.
Antaminen on pieni teko suurella vaikutuksella.
Verenluovutuskeskuksen henkilökunta oli niin ystävällistä ja ammattitaitoista.
Olen ylpeä siitä, että olen säännöllinen verenluovuttaja.
Tieto siitä, että vereni auttaa jotakuta, lämmittää sydäntäni.
Verenluovutus on yksinkertainen tapa tehdä suuri ero.
En voi uskoa, kuinka helppoa ja kivutonta se oli luovuttaa verta.
Jokainen pisara merkitsee, kun kyse on ihmishenkien pelastamisesta.
On uskomatonta ajatella, että vereni voisi auttaa vastasyntynyttä vauvaa.
Verenluovutus on kuin lahjan antamista elämälle.
Herkut ja juomat verenluovutuksen jälkeen olivat mukava lisä!
Olen kiitollinen mahdollisuudesta antaa takaisin yhteisölleni.
Verenluovutus on itsestään selvä teko, jonka kuka tahansa voi tehdä.
Kannustan kaikkia kokeilemaan ja luovuttamaan verta.
On uskomatonta, miten pieni neula voi tehdä niin suuren vaikutuksen.
Tieto siitä, että olet tehnyt eron, on korvaamaton.
Tunsin täyttymystä verenluovutuksen jälkeen.
On sydäntälämmittävää nähdä niin monien ihmisten tulevan yhdessä luovuttamaan.
Verenluovutus on teko ystävällisyyttä ja myötätuntoa kohtaan.
Olen saanut inspiraatiota luovuttamaan säännöllisesti tämän kokemuksen jälkeen.
Verenluovutukseni oli pieni osallistuminen suurempaan asiaan.
Toivon, että vereni auttaa jotakuta heidän hätätilanteessaan.
Henkilökunta sai minut tuntemaan oloni mukavaksi ja rennoksi koko prosessin ajan.
En ole koskaan tuntenut olevani niin yhteydessä yhteisööni kuin luovuttaessani verta.
Verenluovutus on voimakas tapa tukea terveydenhuollon pyrkimyksiä.
On nöyryyttävä kokemus ajatella, että voisi pelastaa ihmishenkiä.
Yhteisöllisyyden tunne luovuttajien keskuudessa on sydäntälämmittävä.
En tiennyt kuinka tärkeitä verenluovutukset olivat ennen tätä päivää.
Odotan innolla jatkavani luovuttamista tulevaisuudessa.
Verenluovutukseni oli pieni uhraus suuremman hyvän puolesta.
Prosessi oli nopea ja tehokas, mikä teki luovuttamisesta helppoa.
Olen ylpeä siitä, että olen osa ratkaisua veripulmaan.
Verenluovutus todistaa, että yksi henkilö voi tehdä eron.
Tyytyväisyys tietoon siitä, että olet auttanut jotakuta, on vertaansa vailla.
Verenluovutus on teko rakkautta ja myötätuntoa kohtaan.
En malta odottaa, että voin jakaa positiivisen kokemukseni muille.
Verenluovutukseni oli pieni askel terveemmän yhteisön suuntaan.
On uskomatonta, kuinka monia elämiä voi vaikuttaa yhdellä verenluovutuksella.
Verenluovutus on yksinkertainen tapa antaa takaisin yhteiskunnalle.
Tyytyväisyys hyväntahtoisuudesta verenluovutuksen jälkeen on vaikea kuvailla.
Olen kunnioitettu siitä, että olen osa verenluovuttajayhteisöä.
Verenluovutus on kaunis teko itsekkyyttä vastaan.
Tunsin syvää merkityksen tunnetta luovuttaessani.
Toivon, että yhä useammat ihmiset ymmärtävät verenluovutuksen tärkeyden.
Koko prosessi oli kivuton ja hyvin järjestetty.
Olen motivoitunut kannustamaan muita luovuttamaan myös.
Verenluovutus muistuttaa ihmiskunnan voimasta.
Olen kiitollinen mahdollisuudesta tehdä positiivinen vaikutus jonkun elämään verenluovutuksen kautta.
Verenluovutus antoi minulle tunteen, että olen osa suurempaa kokonaisuutta.
On hienoa tietää, että voin auttaa hätätilanteessa olevia ihmisiä.
Verenluovutus on helppo tapa tehdä hyvää maailmassa.
Luovuttaminen tekee sydämestäni lämpimän.
Tunnen yhteyttä muihin luovuttajiin ja heidän anteliaisuuteensa.
Verenluovutus on lahja, joka voi pelastaa elämän.
Ennen kuin luovutin, en tajunnut kuinka tärkeää tämä on terveydenhuollolle.
Kiitollisuus siitä, että olen terve ja voin auttaa muita, kasvaa joka kerta.
Verenluovutuskeskus teki koko prosessista vaivatonta ja mukavaa.
Olen ylpeä siitä, että voin auttaa veripulan torjunnassa.
Verenluovutus on toiminta, joka yhdistää ihmisiä ympäri maailmaa.
Tiedän, että vereni menee oikeaan paikkaan ja tekee hyvää.
Verenluovutus on konkreettinen tapa näyttää solidaarisuutta.
En malta odottaa seuraavaa kertaa, kun voin taas luovuttaa verta.
Olen oppinut arvostamaan terveyttäni enemmän verenluovutuksen kautta.
Se, kuinka vähän aikaa verenluovutus vie, tekee siitä helpon tapahtuman.
Tunnen kiitollisuutta siitä, että voin olla osa elämän pelastamista.
Verenluovutus on teko, joka kantaa pitkälle tulevaisuuteen.
Olen inspiroitunut muiden anteliaisuudesta verenluovutuksen ympärillä.
Jokainen verenluovuttaja on sankari.
Verenluovutus on osoitus ihmisten hyvyydestä.
En tiennyt kuinka paljon verta tarvitaan, kunnes päätin luovuttaa.
On lohduttavaa tietää, että vertani voi auttaa niitä, jotka sitä tarvitsevat.
Verenluovutus on teko, joka ei maksa mitään, mutta sen arvo on suuri.
Luovutuksen jälkeen tunnen, että olen tehnyt jotain merkityksellistä.
Verenluovutus on mahdollisuus tehdä maailmasta parempi paikka.
On vaikuttavaa nähdä niin monia erilaisia ihmisiä yhdistymässä tähän tärkeään tarkoitukseen.
Verenluovutus on yksi harvoista tavoista, joilla voin auttaa ihmisiä suoraan.
Tiedän, että jokainen tippa vertani voi muuttaa jonkun elämän.
Verenluovutuskeskus tekee kaikesta niin vaivatonta ja sujuvaa.
Toivon, että entistä useammat ihmiset rohkaistuvat luovuttamaan verta.
Verenluovutus tekee hyvästä tunteesta tulevan vieläkin paremman.
Tunnen, että olen osa suurempaa perhettä, kun olen verenluovuttaja.
Verenluovutus on yksinkertainen tapa näyttää solidaarisuutta toisia kohtaan.
Jokainen veripussi merkitsee toivon antamista jollekulle.
Verenluovutus ei vaadi paljon aikaa, mutta sen vaikutukset ovat pitkäkestoisia.
On hienoa tietää, että vereni voi auttaa ihmisiä eri puolilla maailmaa.
Verenluovutus on hieno muistutus siitä, kuinka tärkeää on auttaa toisia.
En voi suositella verenluovutusta tarpeeksi – se on niin arvokas teko.
Verenluovutuskeskuksen tiimi ansaitsee suuret kiitokset.
Jokainen verenluovuttaja on askel lähemmäksi terveempää yhteiskuntaa.
Tunnen tyydytystä siitä, että olen tehnyt jotain hyvää verenluovutuksen kautta.
Verenluovutus on hieno tapa osallistua yhteisöönsä.
Luovuttamalla verta voin jakaa terveyttäni muiden kanssa.
Verenluovutuskeskuksen henkilökunta tekee siitä mukavan kokemuksen.
Verenluovutus on investointi tulevaisuuteen.
Tunnen yhteenkuuluvuutta muiden luovuttajien kanssa.
Verenluovutus on yksi parhaista tavoista näyttää, että välittää.
Toivon, että verenluovuttajien määrä kasvaa ja auttaa vielä useampaa ihmistä.
Olen kiitollinen siitä, että voin tehdä osani auttaakseni muita.
Verenluovutus tekee minusta ylpeän siitä, kuka olen.
Olen saanut paljon positiivista energiaa verenluovutuksesta.
Tunnen, että olen tehnyt jotain merkittävää elämässäni luovuttaessani verta.
Verenluovutus on kuin antaisi lahjan tuntemattomalle.
Luovuttamisen helppous yllätti minut positiivisesti.
Verenluovutus on mahdollisuus näyttää, että välitän muista ihmisistä.
Toivon, että voisin luovuttaa verta vielä useammin.
Olen kiitollinen siitä, että minulla on terveyteni ja mahdollisuus auttaa muita.
Luovuttamisen jälkeen tunnen itseni vahvemmaksi ja yhteydessä muihin.
Verenluovutus on ikimuistoinen kokemus, joka muuttaa ihmisen.
On inspiroivaa nähdä niin monia ihmisiä luovuttamassa verta yhdessä.
Jokainen verenluovuttaja on osa suurempaa hyvän tekemisen verkostoa.
Verenluovutus on teko, joka voi muuttaa toisen ihmisen elämän suunnan.
Tunnen yhteenkuuluvuutta muiden luovuttajien kanssa, vaikka emme tunne toisiamme.
Verenluovutus on yksi helpoimmista tavoista olla hyödyksi yhteiskunnalle.
Olen onnekas, että voin luovuttaa verta ja auttaa tarvitsijoita.
Verenluovutuskeskuksen ammattilaiset ansaitsevat suuret kiitokset.
Tiedän, että vereni voi olla avuksi monissa eri tilanteissa.
Jokainen veripussi on lahja, joka voi pelastaa elämän.
Verenluovutus on osoitus inhimillisyydestä ja myötätunnosta.
Luovuttaminen on tapa näyttää, että yhteisömme välittää toisistaan.
Verenluovutus on hyvin konkreettinen tapa tehdä maailmasta parempi paikka.
Olen saanut uuden näkökulman elämään verenluovutuksen kautta.
Verenluovutus on lahja, joka ei vaadi rahaa, vaan aikaa ja hyvää tahtoa.
Onnellisuus ja tyytyväisyys ovat seuranneet jokaista verenluovutuskertaa.
Tunnen, että olen tehnyt jotain arvokasta lahjoittamalla verta.
Verenluovutus on osa suurempaa ponnistusta paremman maailman puolesta.
Luovuttaminen tuo minulle rauhan ja tyytyväisyyden tunteen.
Verenluovutus on mahdollisuus olla osa suurta muutosta.
Tunnen, että olen antanut jotain, joka merkitsee todella paljon.
Verenluovutuskeskus on paikka, jossa kohtaa uskomattoman omistautuneita ihmisiä.
On lohdullista tietää, että vertani voi olla avuksi monille eri potilaille.
Verenluovutus on yksi parhaista tavoista tehdä konkreettisia tekoja hyvän puolesta.
Olen saanut elämääni merkitystä verenluovutuksen kautta.
Verenluovutus on osoitus rohkeudesta ja myötätunnosta.
Luovuttaminen on helppo tapa tukea sairaita ja tarvitsevia.
Tunnen yhteenkuuluvuutta muiden luovuttajien kanssa, vaikka emme puhuisi keskenämme.
Verenluovutus on osoitus siitä, kuinka paljon pienet teot voivat merkitä.
Jokainen verenluovuttaja voi olla osa ratkaisua monille terveysongelmille.
Verenluovutus on kuin pieni ponnistus suurelle palkinnolle.
Olen kiitollinen siitä, että voin tehdä osani yhteisöni eteen.
Verenluovutus on yksi niistä asioista, joita voimme tehdä yhdessä paremman huomisen puolesta.
Tunnen itseni onnekkaaksi, kun voin auttaa verenluovutuksen kautta.
Verenluovutus on teko, joka muistuttaa meitä ihmisen voimasta.
Luovuttaminen on yksi parhaista tavoista näyttää kiitollisuutta terveydestäni.
Olen inspiroitunut ja liikuttunut joka kerta, kun luovutan verta.
Verenluovutuskeskuksessa kohtaa ihmisiä, jotka tekevät eroa maailmassa.
Verenluovutus on mahdollisuus näyttää, että välitämme toisistamme.
Olen ylpeä siitä, että olen verenluovuttaja ja osa tätä yhteisöä.
Verenluovutus on teko, joka tekee maailmasta paremman paikan elää.
Verenluovutus antoi minulle tunteen, että olen osa suurempaa kokonaisuutta.
On hienoa tietää, että voin auttaa hätätilanteessa olevia ihmisiä.
Verenluovutus on helppo tapa tehdä hyvää maailmassa.
Luovuttaminen tekee sydämestäni lämpimän.
Tunnen yhteyttä muihin luovuttajiin ja heidän anteliaisuuteensa.
Verenluovutus on lahja, joka voi pelastaa elämän.
Ennen kuin luovutin, en tajunnut kuinka tärkeää tämä on terveydenhuollolle.
Kiitollisuus siitä, että olen terve ja voin auttaa muita, kasvaa joka kerta.
Verenluovutuskeskus teki koko prosessista vaivatonta ja mukavaa.
Olen ylpeä siitä, että voin olla osa ratkaisua veripulan torjunnassa.
Verenluovutus on toiminta, joka yhdistää ihmisiä ympäri maailmaa.
Tiedän, että vereni menee oikeaan paikkaan ja tekee hyvää.
Verenluovutus on konkreettinen tapa näyttää solidaarisuutta.
En malta odottaa seuraavaa kertaa, kun voin taas luovuttaa verta.
Olen oppinut arvostamaan terveyttäni enemmän verenluovutuksen kautta.
Se, kuinka vähän aikaa verenluovutus vie, tekee siitä helpon tapahtuman.
Tunnen kiitollisuutta siitä, että voin olla osa elämän pelastamista.
Verenluovutus on teko, joka kantaa pitkälle tulevaisuuteen.
Olen inspiroitunut muiden anteliaisuudesta verenluovutuksen ympärillä.
Jokainen verenluovuttaja on sankari.
Verenluovutus on osoitus ihmisten hyvyydestä.
En tiennyt kuinka paljon verta tarvitaan, kunnes päätin luovuttaa.
On lohduttavaa tietää, että vertani voi auttaa niitä, jotka sitä tarvitsevat.
Verenluovutus on teko, joka ei maksa mitään, mutta sen arvo on suuri.
Luovuttaminen jälkeen tunnen, että olen tehnyt jotain merkityksellistä.
Verenluovutus on mahdollisuus tehdä maailmasta parempi paikka.
Tunnen, että olen osa suurempaa perhettä, kun olen verenluovuttaja.
Verenluovutus on yksi harvoista tavoista, joilla voin auttaa ihmisiä suoraan.
Tiedän, että jokainen tippa vertani voi muuttaa jonkun elämän.
Verenluovutuskeskus tekee kaikesta niin vaivatonta ja sujuvaa.
Toivon, että entistä useammat ihmiset rohkaistuvat luovuttamaan verta.
Verenluovutus tekee hyvästä tunteesta tulevan vieläkin paremman.
Tunnen, että olen osa suurempaa ponnistusta paremman maailman puolesta.
Luovuttaminen tuo minulle rauhan ja tyytyväisyyden tunteen.
Verenluovutus on mahdollisuus olla osa suurta muutosta.
Tunnen, että olen antanut jotain, joka merkitsee todella paljon.
Verenluovutuskeskus on paikka, missä kohtaa uskomattoman omistautuneita ihmisiä.
On lohduttavaa tietää, että vertani voi olla avuksi monille eri potilaille.
Verenluovutus on yksi parhaista tavoista tehdä konkreettisia tekoja hyvän puolesta.
Olen saanut elämääni merkitystä verenluovutuksen kautta.
Verenluovutus on osoitus rohkeudesta ja myötätunnosta.
Luovuttaminen on helppo tapa tukea sairaita ja tarvitsevia.
Tunnen yhteenkuuluvuutta muiden luovuttajien kanssa, vaikka emme puhuisi keskenämme.
Verenluovutus on osoitus siitä, kuinka paljon pienet teot voivat merkitä.
Jokainen verenluovuttaja voi olla osa ratkaisua monille terveysongelmille.
Verenluovutus on kuin pieni ponnistus suurelle palkinnolle.
Olen kiitollinen siitä, että voin tehdä osani yhteisöni eteen.
Verenluovutus on yksi niistä asioista, joita voimme tehdä yhdessä paremman huomisen puolesta.
Tunnen itseni onnekkaaksi, kun voin auttaa verenluovutuksen kautta.
Verenluovutus on teko, joka muistuttaa meitä ihmisen voimasta.
Verenluovutus on hieno mahdollisuus olla mukana auttamassa muita ihmisiä.
Tiedän, että jokainen veripussini voi tehdä eron jollekin.
Verenluovutus on helppo tapa tehdä hyvää ja antaa takaisin yhteisölle.
Olen kiitollinen, että voin olla osa ratkaisua verenpuutteen torjunnassa.
Jokainen verenluovuttaja tekee osansa paremman maailman rakentamisessa.
Verenluovutus on teko, joka tuo ihmiset yhteen.
Tunnen yhteyttä muihin luovuttajiin, vaikka emme koskaan tavata.
Olen ylpeä siitä, että voin olla osa tätä hienoa verenluovuttajayhteisöä.
Verenluovutus on lahja, joka voi tuoda toivon ja pelastuksen.
En malta odottaa seuraavaa kertaa, kun voin taas luovuttaa verta.
Luovuttaminen tekee minusta vahvemman ja empaattisemman ihmisen.
Verenluovutuskeskuksen henkilökunta tekee siitä miellyttävän kokemuksen.
Tunnen tyytyväisyyttä ja rauhaa luovutuksen jälkeen.
Verenluovutus on yksi harvoista tavoista, joilla voin konkreettisesti auttaa.
Tiedän, että vereni voi pelastaa jonkun hengen.
Olen kiitollinen siitä, että voin olla osa tätä arvokasta ponnistusta.
Verenluovutus on teko, joka näyttää solidaarisuutta ja välittämistä.
Tunnen, että olen tehnyt jotain tärkeää joka kerta kun luovutan verta.
Verenluovutus on ikimuistoinen kokemus, joka muuttaa elämää.
On hienoa nähdä niin monia erilaisia ihmisiä tulevan yhteen tätä tärkeää tarkoitusta varten.
Verenluovutus on konkreettinen tapa näyttää kiitollisuutta terveydestäni.
Jokainen verenluovuttaja voi olla osa suurta muutosta.
Luovuttaminen antaa minulle tunteen, että olen tehnyt jotain arvokasta.
Verenluovutuskeskus on paikka, jossa kohtaa omistautuneita ammattilaisia ja verta luovuttavia sankareita.
Olen kiitollinen siitä, että voin antaa takaisin yhteiskunnalle verenluovutuksen kautta.
Verenluovutus on tapa osoittaa, että välitän muiden hyvinvoinnista.
Tunnen tyydytystä ja ylpeyttä itsestäni joka kerta, kun luovutan verta.
Verenluovutus on mahdollisuus tehdä maailmasta parempi paikka.
Olen oppinut arvostamaan terveyttäni enemmän luovuttamisen kautta.
Verenluovutus on konkreettinen tapa näyttää, että välitän toisista ihmisistä.
Tiedän, että vereni voi auttaa monia ihmisiä eri tilanteissa.
Verenluovutus on yksi helpoimmista ja tehokkaimmista tavoista tehdä hyvää.
Olen kiitollinen mahdollisuudesta pelastaa elämä luovuttamalla verta.
Verenluovutus on teko, joka muistuttaa meitä inhimillisyydestä ja empatiasta.
Olen innostunut siitä, että voin jatkaa verenluovutusta ja auttaa lisää ihmisiä.
Verenluovutus antaa minulle syvän tyydytyksen tunteen.
Tunnen yhteenkuuluvuutta muiden luovuttajien kanssa, vaikka emme tapaisikaan.
Olen saanut uuden perspektiivin elämään verenluovutuksen kautta.
Verenluovutus on kuin pieni ponnistus suurta hyvää varten.
Tiedän, että vereni voi muuttaa jonkun elämän suunnan.
Verenluovutuskeskus tekee prosessista niin helppoa ja mukavaa.
Olen innostunut kannustamaan muita liittymään verenluovuttajayhteisöön.
Verenluovutus on mahdollisuus näyttää, että välitämme toisistamme.
Olen saanut elämääni paljon positiivista energiaa verenluovutuksesta.
Verenluovutus tekee hyvästä tunteesta tulevan vieläkin paremman.
Tunnen, että olen osa suurempaa ponnistusta paremman maailman puolesta.
Luovuttaminen tuo minulle rauhan ja tyytyväisyyden tunteen.
Verenluovutus on mahdollisuus olla osa suurta muutosta.
Tunnen, että olen antanut jotain, joka merkitsee todella paljon.
Verenluovutuskeskus on paikka, missä kohtaa uskomattoman omistautuneita ihmisiä.
On lohduttavaa tietää, että vertani voi olla avuksi monille eri potilaille.
Verenluovutus on yksi parhaista tavoista tehdä konkreettisia tekoja hyvän puolesta.
Olen saanut elämääni merkitystä verenluovutuksen kautta.
Verenluovutus on osoitus rohkeudesta ja myötätunnosta.
Luovuttaminen on helppo tapa tukea sairaita ja tarvitsevia.
Tunnen yhteenkuuluvuutta muiden luovuttajien kanssa, vaikka emme puhuisi keskenämme.
Verenluovutus on osoitus siitä, kuinka paljon pienet teot voivat merkitä.
Jokainen verenluovuttaja voi olla osa ratkaisua monille terveysongelmille.
Verenluovutus on kuin pieni ponnistus suurelle palkinnolle.
Olen kiitollinen siitä, että voin tehdä osani yhteisöni eteen.
Verenluovutus on yksi niistä asioista, joita voimme tehdä yhdessä paremman huomisen puolesta.
Tunnen itseni onnekkaaksi, kun voin auttaa verenluovutuksen kautta.
Verenluovutus on teko, joka muistuttaa meitä ihmisen voimasta.
Olen inspiroitunut ja liikuttunut joka kerta, kun luovutan verta.
Verenluovutuskeskuksessa kohtaa ihmisiä, jotka tekevät eroa maailmassa.
Verenluovutus on mahdollisuus näyttää, että välitämme toisistamme.
Olen ylpeä siitä, että olen verenluovuttaja ja osa tätä yhteisöä.
Verenluovutus on teko, joka tekee maailmasta paremman paikan elää.
Olen kiitollinen siitä, että voin tehdä osani auttaakseni muita.
Verenluovutus on yksi niistä harvoista teoista, jotka voivat pelastaa ihmishenkiä.
Tunnen, että olen osa suurempaa tarkoitusta ja pyrintöä.
Verenluovutus on lahja, joka jatkaa antamistaan vuosien varrella.
Olen saanut elämääni paljon positiivisuutta ja tyytyväisyyttä verenluovutuksesta.
Verenluovutus tekee hyvästä tunteesta vieläkin syvemmän.
Tunnen, että olen antanut jotain takaisin yhteisölle.
Verenluovutus on yksi niistä harvoista asioista, joissa jokainen voi auttaa.
Tiedän, että vereni voi olla avuksi monissa tilanteissa.
Verenluovutus on teko, joka yhdistää meitä kaikkia inhimillisyydessä.
Tunnen, että olen osa suurta perhettä, joka auttaa toisiaan.
Verenluovutuskeskus tekee prosessista niin vaivatonta ja sujuvaa.
Olen onnellinen, kun voin tehdä osani verenpuutteen torjumiseksi.
Verenluovutus on konkreettinen tapa näyttää, että välitämme toisistamme.
Olen kiitollinen mahdollisuudesta auttaa muita verenluovutuksen kautta.
Verenluovutus on lahja, joka voi muuttaa elämän suunnan.
En malta odottaa seuraavaa kertaa, kun voin taas antaa verta.
Tunnen yhteenkuuluvuutta muiden luovuttajien kanssa, vaikka emme kohtaisikaan toisiamme.
Verenluovutus on mahdollisuus tehdä maailmasta parempi paikka.
Olen oppinut arvostamaan terveyttäni enemmän verenluovutuksen myötä.
Verenluovutus on konkreettinen tapa näyttää, että välitän toisista ihmisistä.
Tiedän, että vereni voi olla avuksi monille eri potilaille.
Verenluovutus on yksi helpoimmista ja tehokkaimmista tavoista tehdä hyvää.
Olen kiitollinen mahdollisuudesta pelastaa elämä luovuttamalla verta.
Verenluovutus on teko, joka muistuttaa meitä inhimillisyydestä ja empatiasta.
Olen innostunut kannustamaan muita liittymään verenluovuttajayhteisöön.
Verenluovutus antaa minulle syvän tyydytyksen tunteen.
Tunnen yhteenkuuluvuutta muiden luovuttajien kanssa, vaikka emme puhuisi keskenämme.
Olen saanut uuden perspektiivin elämään verenluovutuksen kautta.
Verenluovutus on kuin pieni ponnistus suurta hyvää varten.
Tiedän, että vereni voi muuttaa jonkun elämän suunnan.
Verenluovutuskeskus tekee prosessista niin helppoa ja mukavaa.
Olen innostunut kannustamaan muita liittymään verenluovuttajayhteisöön.
Verenluovutus on mahdollisuus näyttää, että välitämme toisistamme.
Olen saanut elämääni paljon positiivista energiaa verenluovutuksesta.
Verenluovutus tekee hyvästä tunteesta tulevan vieläkin paremman.
Tunnen, että olen osa suurempaa ponnistusta paremman maailman puolesta.
Luovuttaminen tuo minulle rauhan ja tyytyväisyyden tunteen.
Verenluovutus on mahdollisuus olla osa suurta muutosta.
Tunnen, että olen antanut jotain, joka merkitsee todella paljon.
Verenluovutuskeskus on paikka, missä kohtaa uskomattoman omistautuneita ihmisiä.
On lohduttavaa tietää, että vertani voi olla avuksi monille eri potilaille.
Verenluovutus on yksi parhaista tavoista tehdä konkreettisia tekoja hyvän puolesta.
Olen saanut elämääni merkitystä verenluovutuksen kautta.
Verenluovutus on osoitus rohkeudesta ja myötätunnosta.
Luovuttaminen on helppo tapa tukea sairaita ja tarvitsevia.
Tunnen yhteenkuuluvuutta muiden luovuttajien kanssa, vaikka emme puhuisi keskenämme.
Verenluovutus on osoitus siitä, kuinka paljon pienet teot voivat merkitä.
Jokainen verenluovuttaja voi olla osa ratkaisua monille terveysongelmille.
Verenluovutus on kuin pieni ponnistus suurelle palkinnolle.
Olen kiitollinen siitä, että voin tehdä osani yhteisöni eteen.
Verenluovutus on yksi niistä asioista, joita voimme tehdä yhdessä paremman huomisen puolesta.
Tunnen itseni onnekkaaksi, kun voin auttaa verenluovutuksen kautta.
Verenluovutus on teko, joka muistuttaa meitä ihmisen voimasta.
Olen inspiroitunut ja liikuttunut joka kerta, kun luovutan verta.
Verenluovutuskeskuksessa kohtaa ihmisiä, jotka tekevät eroa maailmassa.
Verenluovutus on mahdollisuus näyttää, että välitämme toisistamme.
Olen ylpeä siitä, että olen verenluovuttaja ja osa tätä yhteisöä.
Verenluovutus on teko, joka tekee maailmasta paremman paikan elää.
Olen kiitollinen siitä, että voin tehdä osani auttaakseni muita.
Verenluovutus on yksi niistä harvoista teoista, jotka voivat pelastaa ihmishenkiä.
Tunnen, että olen osa suurempaa tarkoitusta ja pyrintöä.
Verenluovutus on lahja, joka jatkaa antamistaan vuosien varrella.
Olen saanut elämääni paljon positiivisuutta ja tyytyväisyyttä verenluovutuksesta.
Verenluovutus tekee hyvästä tunteesta vieläkin syvemmän.
Tunnen, että olen osa suurempaa ponnistusta paremman maailman puolesta.
Luovuttaminen tuo minulle rauhan ja tyytyväisyyden tunteen.
Verenluovutus on mahdollisuus olla osa suurta muutosta.
Tunnen, että olen antanut jotain, joka merkitsee todella paljon.
Verenluovutuskeskus on paikka, missä kohtaa uskomattoman omistautuneita ihmisiä.
On lohduttavaa tietää, että vertani voi olla avuksi monille eri potilaille.
Verenluovutus on yksi parhaista tavoista tehdä konkreettisia tekoja hyvän puolesta.
Olen saanut elämääni merkitystä verenluovutuksen kautta.
Verenluovutus on osoitus rohkeudesta ja myötätunnosta.
Luovuttaminen on helppo tapa tukea sairaita ja tarvitsevia.
Tunnen yhteenkuuluvuutta muiden luovuttajien kanssa, vaikka emme puhuisi keskenämme.
Verenluovutus on osoitus siitä, kuinka paljon pienet teot voivat merkitä.
Jokainen verenluovuttaja voi olla osa ratkaisua monille terveysongelmille.
Verenluovutus on kuin pieni ponnistus suurelle palkinnolle.
Olen kiitollinen siitä, että voin tehdä osani yhteisöni eteen.
Verenluovutus on yksi niistä asioista, joita voimme tehdä yhdessä paremman huomisen puolesta.
Tunnen itseni onnekkaaksi, kun voin auttaa verenluovutuksen kautta.
Det kändes fantastiskt att ge blod och kunna hjälpa någon i nöd.
Att donera blod är en enkel handling som kan rädda liv.
Känslan av att göra något meningsfullt för samhället är oslagbar.
Jag är stolt över att vara en del av blodgivningens gemenskap.
Verkligen en upplevelse som ger en varm känsla i hjärtat.
Att ge blod är ett sätt att visa medmänsklighet och omtanke.
Jag känner mig tacksam över att vara frisk och kunna bidra.
Efter att ha donerat blod känner jag mig alltid lyckligare.
Blodgivning är ett enkelt sätt att göra en stor skillnad.
Jag tror att varje blodgivare är en hjälte på sitt eget sätt.
Det är viktigt att sprida medvetenhet om behovet av blodgivning.
Jag har lärt mig att uppskatta min egen hälsa mer genom att donera blod.
Verkligen en förmån att kunna ge tillbaka till samhället.
Jag har alltid känt mig väl omhändertagen på blodgivningscentret.
Det är en känsla av att vara en del av något större än sig själv.
Jag är glad över att kunna vara en del av lösningen på blodbristen.
Varje liten insats spelar en roll i att rädda liv.
Blodgivning är en av de enklaste sätten att göra gott.
Jag ser fram emot nästa gång jag kan donera blod.
Att ge blod ger mig en djupare känsla av mening med livet.
Jag är stolt över att vara en del av den här solidaritetsakten.
Blodgivning är en påminnelse om hur vi alla kan hjälpa varandra.
Jag känner mig privilegierad över att kunna hjälpa andra på detta sätt.
Efter att ha donerat blod känner jag mig alltid mer samhörig med andra.
Att ge blod är en handling av kärlek och generositet.
Jag hade ingen aning om hur mycket blod som behövs tills jag började ge.
Det är trösterikt att veta att mitt blod kan hjälpa någon i nöd.
Blodgivning är en handling som inte kostar mycket, men som betyder mycket.
Jag ser fram emot nästa gång jag kan bidra med mitt blod.
Att donera blod ger en känsla av att göra något verkligt meningsfullt.
Jag är inspirerad av andra givmilda människor i blodgivarcommunityn.
Varje gång jag donerar blod känner jag mig som en superhjälte.
Att ge blod är en värdefull insats för människors hälsa.
Jag hade ingen aning om hur mycket behovet av blod var förrän jag började donera.
Att ge blod är en möjlighet att vara en del av en positiv förändring.
Jag känner mig glad över att kunna bidra på detta sätt.
Blodgivning ger en känsla av att vara en hjälpare i det tysta.
Jag är tacksam över att kunna vara en del av något större.
Att donera blod är ett sätt att visa empati och solidaritet.
Jag känner mig som en bättre person efter att ha donerat blod.
Blodgivning är ett sätt att visa att vi bryr oss om varandra.
Jag ser fram emot nästa gång jag kan vara till hjälp genom att ge blod.
Att ge blod är en handling av generositet som alla kan göra.
Jag har blivit medveten om hur viktigt blodgivning är för sjukvården.
Jag känner mig stolt över att ha donerat blod och kanske räddat ett liv.
Blodgivning ger mig en känsla av att vara en del av något större.
Jag är tacksam över möjligheten att kunna ge tillbaka genom blodgivning.
Efter att ha donerat blod känner jag mig alltid mer sammanlänkad med andra.
Att ge blod är ett enkelt sätt att göra en positiv skillnad i världen.
Jag är glad över att kunna vara en del av lösningen på blodbristen.
Buohkat botnje leat goassegeardde, ja munnje lea hápmán oktii. (Donating blood is a noble act, and it makes me proud.)
Bloddun lea dohkálaš gievkat dáruid ja duššen. (Blood donation is a way to save lives and make a difference.)
Mun lean raššon dát beaivi go lean vuolgán dán. (I feel great today after donating this.)
Dávjá munnje heivejit go don lean bloddun, ja dávjá leat min buot čohkat! (I feel amazing after donating blood, and it's all worth it!)
Leat goassegeardde gean dat lea dáruid ja oanehisvuohta veahášuhttit. (It's a noble thing to do, to help those in need and improve their health.)
Don lean eallán muhto duššebeaivi don lean jagáš daid dávjjodagaide. (I live every day, but on donation days, I share my life.)
De lea jávohisvuohta, ja mun čohkin daid. (There is opportunity, and I seize it.)
Dán gávpi don geainnuheapmi ja buot dávjjodat. (This act is a gift of life for everyone.)
Dávjá dáid jierpmiid deaivvadeapmi, ja dat lea sávvamisvuohta. (Helping their bodies heal is a blessing.)
Dovda guhkkin heivejit go don leat gielluhan gievkat dáruid. (It warms my heart to know I'm helping save lives.)
Don lean álggahan hui hápmái. (You're starting something wonderful.)
Don lean dat goassegeardde gii vuorru lea dáruid. (You're a noble person who gives the gift of life.)
Mun lean oahppi nubbein, ja munnje lea orron. (I've learned a lot, and I'm grateful.)
Don lean máhttán áššit gávpot gaskastemiid dávjjodagaide. (You can make a difference in many people's lives.)
Don lean lohkkin munnje njuorat. (You've given me strength.)
De lea don dávjjodat. (Then you donate.)
Dat dáruid galgá čohkán. (That blood is needed.)
Leat goassegeardde dávjoduvvon dávjjodagaide. (It's a noble act for those in need.)
Don lean máhttán lohkkit munnje oktavuođa. (You've given me a chance.)
De lea jávohisvuohta. (There is opportunity.)
Don lean heivehan. (You are wonderful.)
Dat lea sávvamisvuohta. (It's a blessing.)
Dán gávpi don galgat áššit. (You can make a difference.)
Don lean álggahan hui hápmái. (You've started something wonderful.)
Don lean máhttán dáhpáhuvvot dávjjodagaide. (You can bring hope to those in need.)
Buot báikki lea hápmán dohko. (The whole world is grateful to you.)
Don lean sáhttán láhkkit mu heastta. (You can save my life.)
Don lean mu suorggat. (You're my hero.)
Mun lean oahppi ásahit dáruid. (I've learned how to give life.)
Don lean máhttán riegádit daid. (You can comfort them.)
Don lean muinnašuvvan dáid. (You're remembered by them.)
Don lean hápmán. (You're noble.)
Don lean máhttán veahášuhit daid. (You can improve their health.)
De lea jávohisvuohta. (There is an opportunity.)
Don lean áigi jearrat. (You're worth the time.)
Don lean sáhttán veahášuhit mu vuorru. (You can help my heart.)
Don lean máhttán buorit. (You can do good.)
De lea don dávjjodat. (Then you donate.)
Dat lea dáruid. (That is blood.)
Leat goassegeardde dávjoduvvon dávjjodagaide. (It's a noble act for those in need.)
Don lean máhttán láhkkit mu heastta. (You can save my life.)
Don lean mu suorggat. (You're my hero.)
Mun lean oahppi ásahit dáruid. (I've learned how to give life.)
Don lean máhttán riegádit daid. (You can comfort them.)
Don lean muinnašuvvan dáid. (You're remembered by them.)
Don lean hápmán. (You're noble.)
Don lean máhttán veahášuhit daid. (You can improve their health.)
De lea jávohisvuohta. (There is an opportunity.)
Don lean áigi jearrat. (You're worth the time.)
Don lean sáhttán veahášuhit mu vuorru. (You can help my heart.)