Aadolf
Aapeli
Aapo
Aappo
Aarne
Aarni
Aarno
Aaro
Aaron
Aarre
Aarto
Aatami
Aatos
Aatto
Aatu
Ahti
Ahto
Ahvo
Aimo
Aki
Akseli
Aku
Albert
Ale
Aleksanteri
Aleksi
Aleksis
Alfred
Ali
Allan
Alpi
Alpo
Altti
Alvar
Alvi
Andreas
Ano
Anselmi
Anssi
Antero
Anton
Antti
Antto
Anttoni
Arhippa
Arho
Ari
Armas
Arsi
Arto
Arttu
Artturi
Arvi
Arvo
Asko
Aslak
Asmo
Asser
Atro
Atso
Atte
August
Aukusti
Aulis
Auno
Auvo
Benjamin
Daavid
Daniel
Edvard
Edvin
Eeli
Eelis
Eemeli
Eemi
Eemil
Eerik
Eerikki
Eero
Eetu
Eevert
Einari
Eino
Elia
Elias
Eliel
Eljas
Elmer
Elmeri
Elmo
Ensio
Erkka
Erkki
Ernesti
Erno
Esa
Esaias
Esko
Felix
Frans
Gabriel
Hannes
Hannu
Hans
Harri
Heikki
Heimo
Heino
Hemminki
Hemmo
Henri
Henrik
Henrikki
Herkko
Herman
Hermanni
Hugo
Iikka
Iiro
Iisakki
Iivari
Iivo
Ilari
Ilkka
Ilmari
Ilmo
Ilpo
Ilppo
Immanuel
Immo
Into
Isko
Ismo
Isto
Jaakkima
Jaakko
Jaakob
Jaakoppi
Jalmari
Jalo
Jami
Jani
Janne
Jari
Jarkko
Jarmo
Jarno
Jasper
Jere
Jeremias
Jesper
Jesse
Jimi
Jiri
Joakim
Joel
Johannes
Joni
Jonne
Jonni
Jooa
Joona
Joonas
Joonatan
Joose
Joosef
Jooseppi
Jori
Jorma
Jouko
Jouni
Jousia
Juha
Juhana
Juhani
Juho
Jukka
Julius
Jussi
Justus
Juuso
Jyri
Jyrki
Kaapo
Kaappo
Kaapro
Kaarle
Kaarlo
Kai
Kalervo
Kaleva
Kalevi
Kalle
Kari
Karri
Kasper
Kasperi
Kauko
Kauno
Keijo
Keimo
Kerkko
Kim
Kimi
Kimmo
Klaus
Konsta
Konstantin
Kosti
Kristian
Kuisma
Kullervo
Kustaa
Kustavi
Kusti
Kyösti
Lari
Lasse
Lassi
Launo
Lauri
Leevi
Lenni
Leo
Luka
Luukas
Lyly
Mainio
Manne
Manu
Markku
Marko
Markus
Martti
Matias
Matti
Mauno
Maunu
Max
Mauri
Mies
Miika
Miikka
Mika
Mikael
Mikko
Miko
Milo
Miro
Miska
Nestori
Niila
Niilo
Niki
Niklas
Niko
Nikodemus
Nikolai
Nikolas
Nooa
Noel
Nuutti
Nyyrikki
Ohto
Oiva
Okko
Olavi
Oliver
Olli
Onni
Orvo
Oskar
Oskari
Osmo
Ossi
Ossian
Otso
Otto
Oula
Paavali
Paavo
Panu
Pasi
Patrik
Paul
Pauli
Paulus
Peetu
Pekka
Pekko
Pellervo
Pentti
Pertti
Perttu
Petja
Petri
Petteri
Pietari
Pirkka
Pyry
Päiviö
Päivö
Raafael
Raimo
Raine
Rainer
Raino
Rami
Rasmus
Rauli
Rauno
Reijo
Reima
Reino
Reko
Rene
Rikhard
Riku
Risto
Robert
Robin
Roni
Roope
Sakari
Saku
Salomo
Salomon
Sami
Sampo
Sampsa
Samu
Samuel
Samuli
Santeri
Santtu
Sasu
Saul
Sauli
Sebastian
Seppo
Severi
Silvo
Simo
Sipi
Sippo
Sisu
Soini
Sulevi
Sulho
Sulo
Sylvester
Taavetti
Taavi
Tahvo
Taisto
Taito
Taneli
Tapani
Tapio
Tarmo
Tarvo
Tatu
Tauno
Teemu
Teijo
Tenho
Teo
Teppo
Terho
Tero
Teuvo
Tiitus
Timi
Timo
Tino
Toimi
Toivo
Tomi
Tommi
Toni
Topi
Topias
Torsti
Touko
Tuomas
Tuomo
Turkka
Turo
Tuukka
Tuure
Ukko
Uljas
Untamo
Unto
Uolevi
Uoti
Urho
Urmas
Urpo
Usko
Uuno
Valdemar
Valentin
Valio
Valo
Valto
Valtteri
Veeti
Veijo
Veikka
Veikko
Veini
Veli
Venni
Verneri
Vertti
Vesa
Vihtori
Viktor
Vilhelm
Vilho
Vili
Viljami
Viljo
Ville
Vilppu
Visa
Voitto
Väinämö
Väinö
Ylermi
Yrjänä
Yrjö